[2015-03-07 10:54:51] START
[2015-03-07 10:55:00] DELETE storynode/controllers/default.py: -51
[2015-03-07 10:55:08] DELETE storynode/views/default/index.html: -32
[2015-03-07 10:55:13] DELETE storynode/views/default/user.html: -23
[2015-03-07 10:56:38] EDIT storynode/models/menu.py: 0
[2015-03-07 10:57:18] CREATE api.py: 0
[2015-03-07 10:58:25] EDIT storynode/controllers/api.py: 1
[2015-03-07 10:59:47] EDIT storynode/controllers/api.py: 0
[2015-03-07 11:00:37] EDIT storynode/controllers/api.py: 0
[2015-03-07 11:01:02] EDIT storynode/controllers/api.py: 0
[2015-03-07 11:02:56] EDIT storynode/controllers/api.py: 0
[2015-03-07 11:06:20] EDIT storynode/controllers/api.py: 18
[2015-03-07 11:06:28] EDIT storynode/controllers/api.py: 0
[2015-03-07 11:06:33] EDIT storynode/controllers/api.py: 0
[2015-03-07 11:06:56] CREATE stories.py: 0
[2015-03-07 11:08:01] EDIT storynode/models/db.py: 0
[2015-03-07 11:09:47] EDIT storynode/models/db.py: 2
[2015-03-07 11:10:32] EDIT storynode/models/db.py: -2
[2015-03-07 11:18:38] EDIT storynode/models/stories.py: 13
[2015-03-07 11:20:33] EDIT storynode/models/stories.py: 3
[2015-03-07 11:20:37] EDIT storynode/models/stories.py: 1
[2015-03-07 11:21:14] EDIT storynode/models/stories.py: 1
[2015-03-07 11:27:47] EDIT storynode/models/stories.py: 9
[2015-03-07 11:28:13] EDIT storynode/models/db.py: 0
[2015-03-07 11:28:25] EDIT storynode/models/stories.py: 0
[2015-03-07 11:32:19] EDIT storynode/models/db.py: 5
[2015-03-07 11:32:37] EDIT storynode/models/db.py: 1
[2015-03-07 11:33:38] EDIT storynode/models/db.py: 0
[2015-03-07 11:34:50] EDIT storynode/models/stories.py: 2
[2015-03-07 11:36:15] EDIT storynode/models/stories.py: 0
[2015-03-07 11:36:23] EDIT storynode/models/stories.py: 0
[2015-03-07 11:37:32] EDIT storynode/models/stories.py: 2
[2015-03-07 11:37:52] EDIT storynode/models/stories.py: 0
[2015-03-07 11:37:58] EDIT storynode/models/stories.py: 0
[2015-03-07 11:39:22] EDIT storynode/models/stories.py: 0
[2015-03-07 11:40:13] EDIT storynode/models/stories.py: 0
[2015-03-07 11:40:19] EDIT storynode/models/stories.py: 0
[2015-03-07 11:42:08] EDIT storynode/models/stories.py: 0
[2015-03-07 11:45:12] EDIT storynode/models/stories.py: 0
[2015-03-07 11:46:29] EDIT storynode/models/stories.py: 2
[2015-03-07 11:47:31] EDIT storynode/models/stories.py: -1
[2015-03-07 11:48:18] EDIT storynode/models/stories.py: 0
[2015-03-07 11:48:57] EDIT storynode/models/stories.py: 0
[2015-03-07 11:49:59] EDIT storynode/models/stories.py: 0
[2015-03-07 11:50:10] EDIT storynode/models/stories.py: 0
[2015-03-07 11:50:38] EDIT storynode/models/stories.py: 0
[2015-03-07 11:51:19] EDIT storynode/models/stories.py: 1
[2015-03-07 11:51:53] EDIT storynode/models/stories.py: 0
[2015-03-07 11:52:44] EDIT storynode/models/stories.py: 0
[2015-03-07 11:53:01] EDIT storynode/models/stories.py: 0
[2015-03-07 11:53:21] EDIT storynode/models/stories.py: 0
[2015-03-07 11:54:19] EDIT storynode/models/stories.py: 0
[2015-03-07 11:54:35] EDIT storynode/models/stories.py: 0
[2015-03-07 11:56:46] EDIT storynode/models/stories.py: 0
[2015-03-07 11:57:12] EDIT storynode/models/stories.py: 0
[2015-03-07 12:29:55] EDIT storynode/models/stories.py: 0
[2015-03-07 12:30:19] EDIT storynode/models/stories.py: 0
[2015-03-07 12:31:55] EDIT storynode/models/stories.py: 0
[2015-03-07 12:34:09] EDIT storynode/models/stories.py: 0
[2015-03-07 12:34:44] EDIT storynode/models/stories.py: 0
[2015-03-07 12:34:55] EDIT storynode/models/stories.py: 0
[2015-03-07 12:37:08] EDIT storynode/models/stories.py: 0
[2015-03-07 12:38:21] EDIT storynode/models/stories.py: 0
[2015-03-07 12:39:28] EDIT storynode/models/db.py: 0
[2015-03-07 12:41:33] EDIT storynode/models/stories.py: 0
[2015-03-07 12:41:51] EDIT storynode/models/stories.py: 0
[2015-03-07 12:43:43] EDIT storynode/models/stories.py: 0
[2015-03-07 13:40:32] EDIT storynode/models/stories.py: 0
[2015-03-07 13:40:45] EDIT storynode/models/stories.py: 0
[2015-03-07 13:44:35] EDIT storynode/models/stories.py: 0
[2015-03-07 13:44:49] EDIT storynode/models/stories.py: 0
[2015-03-07 13:45:40] EDIT storynode/models/stories.py: 0
[2015-03-07 13:46:25] EDIT storynode/models/stories.py: 0
[2015-03-07 13:47:05] EDIT storynode/models/stories.py: 1
[2015-03-07 13:49:42] EDIT storynode/models/db.py: 0
[2015-03-07 13:50:07] EDIT storynode/models/db.py: 0
[2015-03-07 13:58:19] EDIT storynode/models/stories.py: -1
[2015-03-07 14:03:12] EDIT storynode/models/stories.py: 1
[2015-03-07 14:16:33] EDIT storynode/controllers/api.py: 1
[2015-03-07 14:17:19] EDIT storynode/controllers/api.py: 1
[2015-03-07 14:18:49] EDIT storynode/controllers/api.py: 0
[2015-03-07 14:20:14] EDIT storynode/controllers/api.py: 1
[2015-03-07 14:20:38] EDIT storynode/controllers/api.py: 1
[2015-03-07 14:21:05] EDIT storynode/controllers/api.py: -1
[2015-03-07 14:23:03] EDIT storynode/controllers/api.py: 1
[2015-03-07 14:23:20] EDIT storynode/models/db.py: 1
[2015-03-07 14:37:13] EDIT storynode/controllers/api.py: 4
[2015-03-07 14:38:52] EDIT storynode/controllers/api.py: -1
[2015-03-07 14:40:49] EDIT storynode/controllers/api.py: 2
[2015-03-07 14:41:01] EDIT storynode/controllers/api.py: -1
[2015-03-07 14:41:39] EDIT storynode/controllers/api.py: 1
[2015-03-07 14:42:12] EDIT storynode/controllers/api.py: -1
[2015-03-07 14:42:38] EDIT storynode/controllers/api.py: 0
[2015-03-07 14:43:46] EDIT storynode/controllers/api.py: -1
[2015-03-07 14:49:36] EDIT storynode/controllers/api.py: 0
[2015-03-07 14:49:39] EDIT storynode/controllers/api.py: 0
[2015-03-07 14:51:19] EDIT storynode/models/db.py: 1
