timestamp: 2015-03-07T13:52:53.566720
CREATE TABLE auth_user(
    id INTEGER PRIMARY KEY AUTOINCREMENT,
    first_name CHAR(128),
    last_name CHAR(128),
    email CHAR(512),
    username CHAR(128),
    password CHAR(512),
    registration_key CHAR(512),
    reset_password_key CHAR(512),
    registration_id CHAR(512),
    joined TIMESTAMP,
    penNames TEXT,
    penNamesVisible CHAR(1),
    following TEXT
);
success!
timestamp: 2015-03-07T13:52:53.571807
CREATE TABLE auth_group(
    id INTEGER PRIMARY KEY AUTOINCREMENT,
    role CHAR(512),
    description TEXT
);
success!
timestamp: 2015-03-07T13:52:53.574491
CREATE TABLE auth_membership(
    id INTEGER PRIMARY KEY AUTOINCREMENT,
    user_id INTEGER REFERENCES auth_user (id) ON DELETE CASCADE,
    group_id INTEGER REFERENCES auth_group (id) ON DELETE CASCADE
);
success!
timestamp: 2015-03-07T13:52:53.577918
CREATE TABLE auth_permission(
    id INTEGER PRIMARY KEY AUTOINCREMENT,
    group_id INTEGER REFERENCES auth_group (id) ON DELETE CASCADE,
    name CHAR(512),
    table_name CHAR(512),
    record_id INTEGER
);
success!
timestamp: 2015-03-07T13:52:53.581064
CREATE TABLE auth_event(
    id INTEGER PRIMARY KEY AUTOINCREMENT,
    time_stamp TIMESTAMP,
    client_ip CHAR(512),
    user_id INTEGER REFERENCES auth_user (id) ON DELETE CASCADE,
    origin CHAR(512),
    description TEXT
);
success!
timestamp: 2015-03-07T13:52:53.584257
CREATE TABLE auth_cas(
    id INTEGER PRIMARY KEY AUTOINCREMENT,
    user_id INTEGER REFERENCES auth_user (id) ON DELETE CASCADE,
    created_on TIMESTAMP,
    service CHAR(512),
    ticket CHAR(512),
    renew CHAR(1)
);
success!
timestamp: 2015-03-07T13:52:53.588870
CREATE TABLE PenName(
    id INTEGER PRIMARY KEY AUTOINCREMENT,
    author INTEGER REFERENCES auth_user (id) ON DELETE CASCADE,
    name CHAR(512),
    rating DOUBLE,
    numberOfVotes DOUBLE,
    stories TEXT,
    description TEXT,
    picture CHAR(512),
    followers TEXT
);
success!
timestamp: 2015-03-07T13:58:23.822302
CREATE TABLE Story(
    id INTEGER PRIMARY KEY AUTOINCREMENT,
    title CHAR(512),
    author INTEGER REFERENCES PenName (id) ON DELETE CASCADE,
    timestamp TIMESTAMP,
    children TEXT,
    parent INTEGER REFERENCES Story (id) ON DELETE CASCADE,
    text TEXT,
    tags TEXT,
    genre TEXT,
    rating DOUBLE,
    numberOfVotes DOUBLE,
    views INTEGER
);
success!
timestamp: 2015-03-07T13:58:23.898082
CREATE TABLE Comment(
    id INTEGER PRIMARY KEY AUTOINCREMENT,
    author INTEGER REFERENCES PenName (id) ON DELETE CASCADE,
    timestamp TIMESTAMP,
    text TEXT,
    story INTEGER REFERENCES Story (id) ON DELETE CASCADE,
    comments TEXT
);
success!
timestamp: 2015-03-07T14:03:15.069731
ALTER TABLE Story ADD numberofchildren DOUBLE;
success!
success!
success!
success!
success!
success!
success!
success!
success!
success!
success!
success!
success!
success!
success!
success!
success!
success!
success!
success!
success!
success!
success!
success!
success!
success!
success!
success!
success!
success!
success!
success!
success!
success!
success!
success!
success!
success!
success!
success!
success!
success!
success!
success!
success!
success!
success!
success!
success!
success!
success!
success!
success!
success!
success!
success!
success!
success!
success!
success!
success!
success!
success!
success!
success!
success!
success!
success!
success!
success!
success!
success!
success!
success!
success!
success!
success!
success!
success!
success!
success!
success!
success!
success!
timestamp: 2015-03-07T14:51:34.359866
ALTER TABLE auth_user ADD apikey CHAR(512);
success!
success!
success!
success!
success!
success!
success!
success!
success!
success!
success!
success!
success!
success!
success!
success!
success!
success!
success!
success!
success!
success!
success!
success!
success!
success!
success!
success!
success!
success!
